CivilLiberties/app/build/intermediates/manifest_merge_blame_file/debug/manifest-merger-blame-debug-report.txt
1<?xml version="1.0" encoding="utf-8"?>
2<manifest xmlns:android="http://schemas.android.com/apk/res/android"
3    package="com.atharvafulay.civilliberties"
4    android:versionCode="1"
5    android:versionName="1.0" >
6
7    <uses-sdk
8        android:minSdkVersion="21"
8-->src\main\AndroidManifest.xml
9        android:targetSdkVersion="28" />
9-->src\main\AndroidManifest.xml
10
11    <uses-permission android:name="android.permission.RECORD_AUDIO" />
11-->src\main\AndroidManifest.xml:33:5-71
11-->src\main\AndroidManifest.xml:33:22-68
12    <!-- Although the *SdkVersion is captured in gradle build files, this is required for non gradle builds -->
13    <!-- <uses-sdk android:minSdkVersion="14"/> -->
14    <uses-permission android:name="android.permission.ACCESS_NETWORK_STATE" />
14-->[com.google.firebase:firebase-database:17.0.0] AndroidManifest.xml:25:5-79
14-->[com.google.firebase:firebase-database:17.0.0] AndroidManifest.xml:25:22-76
15    <uses-permission android:name="android.permission.INTERNET" />
15-->[com.google.firebase:firebase-database:17.0.0] AndroidManifest.xml:26:5-67
15-->[com.google.firebase:firebase-database:17.0.0] AndroidManifest.xml:26:22-64
16
17    <application
17-->src\main\AndroidManifest.xml:5:5-32:19
18        android:allowBackup="true"
18-->src\main\AndroidManifest.xml:6:9-35
19        android:appComponentFactory="androidx.core.app.CoreComponentFactory"
19-->[androidx.core:core:1.1.0] AndroidManifest.xml:24:18-86
20        android:debuggable="true"
21        android:icon="@mipmap/ic_launcher"
21-->src\main\AndroidManifest.xml:7:9-43
22        android:label="@string/app_name"
22-->src\main\AndroidManifest.xml:8:9-41
23        android:roundIcon="@mipmap/ic_launcher_round"
23-->src\main\AndroidManifest.xml:9:9-54
24        android:supportsRtl="true"
24-->src\main\AndroidManifest.xml:10:9-35
25        android:testOnly="true"
26        android:theme="@style/AppTheme" >
26-->src\main\AndroidManifest.xml:11:9-40
27        <activity android:name="com.atharvafulay.civilliberties.baseLogin" >
27-->src\main\AndroidManifest.xml:13:9-19:20
27-->src\main\AndroidManifest.xml:13:19-44
28            <intent-filter>
28-->src\main\AndroidManifest.xml:14:9-18:25
29                <action android:name="android.intent.action.MAIN" />
29-->src\main\AndroidManifest.xml:15:13-65
29-->src\main\AndroidManifest.xml:15:21-62
30
31                <category android:name="android.intent.category.LAUNCHER" />
31-->src\main\AndroidManifest.xml:17:13-73
31-->src\main\AndroidManifest.xml:17:23-70
32            </intent-filter>
33        </activity>
34
35        <meta-data
35-->src\main\AndroidManifest.xml:20:9-22:62
36            android:name="com.google.android.actions"
36-->src\main\AndroidManifest.xml:21:13-54
37            android:resource="@drawable/record_background" />
37-->src\main\AndroidManifest.xml:22:13-59
38
39        <activity android:name="com.atharvafulay.civilliberties.pulledOverInfo" />
39-->src\main\AndroidManifest.xml:23:9-61
39-->src\main\AndroidManifest.xml:23:19-49
40        <activity android:name="com.atharvafulay.civilliberties.driverHome" />
40-->src\main\AndroidManifest.xml:24:9-57
40-->src\main\AndroidManifest.xml:24:19-45
41        <activity android:name="com.atharvafulay.civilliberties.MainActivity" />
41-->src\main\AndroidManifest.xml:25:9-59
41-->src\main\AndroidManifest.xml:25:19-47
42        <activity android:name="com.atharvafulay.civilliberties.Login" />
42-->src\main\AndroidManifest.xml:26:9-52
42-->src\main\AndroidManifest.xml:26:19-40
43        <activity android:name="com.atharvafulay.civilliberties.police_info" />
43-->src\main\AndroidManifest.xml:27:9-58
43-->src\main\AndroidManifest.xml:27:19-46
44        <activity android:name="com.atharvafulay.civilliberties.sendMessage" />
44-->src\main\AndroidManifest.xml:28:9-58
44-->src\main\AndroidManifest.xml:28:19-46
45        <activity
45-->[com.google.android.gms:play-services-auth:17.0.0] AndroidManifest.xml:23:9-27:75
46            android:name="com.google.android.gms.auth.api.signin.internal.SignInHubActivity"
46-->[com.google.android.gms:play-services-auth:17.0.0] AndroidManifest.xml:24:13-93
47            android:excludeFromRecents="true"
47-->[com.google.android.gms:play-services-auth:17.0.0] AndroidManifest.xml:25:13-46
48            android:exported="false"
48-->[com.google.android.gms:play-services-auth:17.0.0] AndroidManifest.xml:26:13-37
49            android:theme="@android:style/Theme.Translucent.NoTitleBar" />
49-->[com.google.android.gms:play-services-auth:17.0.0] AndroidManifest.xml:27:13-72
50        <!--
51            Service handling Google Sign-In user revocation. For apps that do not integrate with
52            Google Sign-In, this service will never be started.
53        -->
54        <service
54-->[com.google.android.gms:play-services-auth:17.0.0] AndroidManifest.xml:33:9-36:110
55            android:name="com.google.android.gms.auth.api.signin.RevocationBoundService"
55-->[com.google.android.gms:play-services-auth:17.0.0] AndroidManifest.xml:34:13-89
56            android:exported="true"
56-->[com.google.android.gms:play-services-auth:17.0.0] AndroidManifest.xml:35:13-36
57            android:permission="com.google.android.gms.auth.api.signin.permission.REVOCATION_NOTIFICATION" />
57-->[com.google.android.gms:play-services-auth:17.0.0] AndroidManifest.xml:36:13-107
58
59        <activity
59-->[com.google.firebase:firebase-auth:17.0.0] AndroidManifest.xml:24:9-31:50
60            android:name="com.google.firebase.auth.internal.FederatedSignInActivity"
60-->[com.google.firebase:firebase-auth:17.0.0] AndroidManifest.xml:25:13-85
61            android:excludeFromRecents="true"
61-->[com.google.firebase:firebase-auth:17.0.0] AndroidManifest.xml:26:13-46
62            android:exported="true"
62-->[com.google.firebase:firebase-auth:17.0.0] AndroidManifest.xml:27:13-36
63            android:launchMode="singleTask"
63-->[com.google.firebase:firebase-auth:17.0.0] AndroidManifest.xml:28:13-44
64            android:permission="com.google.firebase.auth.api.gms.permission.LAUNCH_FEDERATED_SIGN_IN"
64-->[com.google.firebase:firebase-auth:17.0.0] AndroidManifest.xml:29:13-102
65            android:theme="@android:style/Theme.Translucent.NoTitleBar" />
65-->[com.google.firebase:firebase-auth:17.0.0] AndroidManifest.xml:30:13-72
66
67        <service
67-->[com.google.firebase:firebase-auth:17.0.0] AndroidManifest.xml:33:9-39:19
68            android:name="com.google.firebase.components.ComponentDiscoveryService"
68-->[com.google.firebase:firebase-auth:17.0.0] AndroidManifest.xml:34:13-84
69            android:exported="false" >
69-->[com.google.firebase:firebase-auth:17.0.0] AndroidManifest.xml:35:13-37
70            <meta-data
70-->[com.google.firebase:firebase-auth:17.0.0] AndroidManifest.xml:36:13-38:85
71                android:name="com.google.firebase.components:com.google.firebase.auth.FirebaseAuthRegistrar"
71-->[com.google.firebase:firebase-auth:17.0.0] AndroidManifest.xml:37:17-109
72                android:value="com.google.firebase.components.ComponentRegistrar" />
72-->[com.google.firebase:firebase-auth:17.0.0] AndroidManifest.xml:38:17-82
73            <meta-data
73-->[com.google.firebase:firebase-database:17.0.0] AndroidManifest.xml:30:13-32:85
74                android:name="com.google.firebase.components:com.google.firebase.database.DatabaseRegistrar"
74-->[com.google.firebase:firebase-database:17.0.0] AndroidManifest.xml:31:17-109
75                android:value="com.google.firebase.components.ComponentRegistrar" />
75-->[com.google.firebase:firebase-database:17.0.0] AndroidManifest.xml:32:17-82
76        </service>
77
78        <activity
78-->[com.google.android.gms:play-services-base:17.0.0] AndroidManifest.xml:23:9-26:75
79            android:name="com.google.android.gms.common.api.GoogleApiActivity"
79-->[com.google.android.gms:play-services-base:17.0.0] AndroidManifest.xml:24:13-79
80            android:exported="false"
80-->[com.google.android.gms:play-services-base:17.0.0] AndroidManifest.xml:25:13-37
81            android:theme="@android:style/Theme.Translucent.NoTitleBar" />
81-->[com.google.android.gms:play-services-base:17.0.0] AndroidManifest.xml:26:13-72
82
83        <provider
83-->[com.google.firebase:firebase-common:17.0.0] AndroidManifest.xml:12:9-16:39
84            android:name="com.google.firebase.provider.FirebaseInitProvider"
84-->[com.google.firebase:firebase-common:17.0.0] AndroidManifest.xml:13:13-77
85            android:authorities="com.atharvafulay.civilliberties.firebaseinitprovider"
85-->[com.google.firebase:firebase-common:17.0.0] AndroidManifest.xml:14:13-72
86            android:exported="false"
86-->[com.google.firebase:firebase-common:17.0.0] AndroidManifest.xml:15:13-37
87            android:initOrder="100" />
87-->[com.google.firebase:firebase-common:17.0.0] AndroidManifest.xml:16:13-36
88
89        <meta-data
89-->[com.google.android.gms:play-services-basement:17.0.0] AndroidManifest.xml:23:9-25:69
90            android:name="com.google.android.gms.version"
90-->[com.google.android.gms:play-services-basement:17.0.0] AndroidManifest.xml:24:13-58
91            android:value="@integer/google_play_services_version" />
91-->[com.google.android.gms:play-services-basement:17.0.0] AndroidManifest.xml:25:13-66
92
93        <provider
93-->[androidx.lifecycle:lifecycle-process:2.2.0] AndroidManifest.xml:25:9-29:43
94            android:name="androidx.lifecycle.ProcessLifecycleOwnerInitializer"
94-->[androidx.lifecycle:lifecycle-process:2.2.0] AndroidManifest.xml:26:13-79
95            android:authorities="com.atharvafulay.civilliberties.lifecycle-process"
95-->[androidx.lifecycle:lifecycle-process:2.2.0] AndroidManifest.xml:27:13-69
96            android:exported="false"
96-->[androidx.lifecycle:lifecycle-process:2.2.0] AndroidManifest.xml:28:13-37
97            android:multiprocess="true" />
97-->[androidx.lifecycle:lifecycle-process:2.2.0] AndroidManifest.xml:29:13-40
98    </application>
99
100</manifest>